This file contains any messages produced by compilers while
running configure, to aid debugging if configure makes a mistake.

It was created by configure, which was
generated by GNU Autoconf 2.67.  Invocation command line was

  $ ./configure --prefix=/home/cristian/workspace/codeplex/zero/local --enable-shared --disable-nonshared

## --------- ##
## Platform. ##
## --------- ##

hostname = ronald
uname -m = x86_64
uname -r = 3.0.0-14-generic
uname -s = Linux
uname -v = #23-Ubuntu SMP Mon Nov 21 20:28:43 UTC 2011

/usr/bin/uname -p = unknown
/bin/uname -X     = unknown

/bin/arch              = unknown
/usr/bin/arch -k       = unknown
/usr/convex/getsysinfo = unknown
/usr/bin/hostinfo      = unknown
/bin/machine           = unknown
/usr/bin/oslevel       = unknown
/bin/universe          = unknown

PATH: /usr/lib/lightdm/lightdm
PATH: /usr/local/sbin
PATH: /usr/local/bin
PATH: /usr/sbin
PATH: /usr/bin
PATH: /sbin
PATH: /bin
PATH: /usr/games


## ----------- ##
## Core tests. ##
## ----------- ##

configure:2072: checking for gcc
configure:2088: found /usr/bin/gcc
configure:2099: result: gcc
configure:2328: checking for C compiler version
configure:2337: gcc --version >&5
gcc (Ubuntu/Linaro 4.6.1-9ubuntu3) 4.6.1
Copyright (C) 2011 Free Software Foundation, Inc.
This is free software; see the source for copying conditions.  There is NO
warranty; not even for MERCHANTABILITY or FITNESS FOR A PARTICULAR PURPOSE.

configure:2348: $? = 0
configure:2337: gcc -v >&5
Using built-in specs.
COLLECT_GCC=gcc
COLLECT_LTO_WRAPPER=/usr/lib/gcc/x86_64-linux-gnu/4.6.1/lto-wrapper
Target: x86_64-linux-gnu
Configured with: ../src/configure -v --with-pkgversion='Ubuntu/Linaro 4.6.1-9ubuntu3' --with-bugurl=file:///usr/share/doc/gcc-4.6/README.Bugs --enable-languages=c,c++,fortran,objc,obj-c++,go --prefix=/usr --program-suffix=-4.6 --enable-shared --enable-linker-build-id --with-system-zlib --libexecdir=/usr/lib --without-included-gettext --enable-threads=posix --with-gxx-include-dir=/usr/include/c++/4.6 --libdir=/usr/lib --enable-nls --with-sysroot=/ --enable-clocale=gnu --enable-libstdcxx-debug --enable-libstdcxx-time=yes --enable-plugin --enable-objc-gc --disable-werror --with-arch-32=i686 --with-tune=generic --enable-checking=release --build=x86_64-linux-gnu --host=x86_64-linux-gnu --target=x86_64-linux-gnu
Thread model: posix
gcc version 4.6.1 (Ubuntu/Linaro 4.6.1-9ubuntu3) 
configure:2348: $? = 0
configure:2337: gcc -V >&5
gcc: error: unrecognized option '-V'
gcc: fatal error: no input files
compilation terminated.
configure:2348: $? = 4
configure:2337: gcc -qversion >&5
gcc: error: unrecognized option '-qversion'
gcc: fatal error: no input files
compilation terminated.
configure:2348: $? = 4
configure:2368: checking whether the C compiler works
configure:2390: gcc -D_LARGEFILE64_SOURCE -fPIC -O3  conftest.c  >&5
configure:2394: $? = 0
configure:2442: result: yes
configure:2445: checking for C compiler default output file name
configure:2447: result: a.out
configure:2453: checking for suffix of executables
configure:2460: gcc -o conftest -D_LARGEFILE64_SOURCE -fPIC -O3  conftest.c  >&5
configure:2464: $? = 0
configure:2486: result: 
configure:2508: checking whether we are cross compiling
configure:2516: gcc -o conftest -D_LARGEFILE64_SOURCE -fPIC -O3  conftest.c  >&5
configure:2520: $? = 0
configure:2527: ./conftest
configure:2531: $? = 0
configure:2546: result: no
configure:2551: checking for suffix of object files
configure:2573: gcc -c -D_LARGEFILE64_SOURCE -fPIC -O3 conftest.c >&5
configure:2577: $? = 0
configure:2598: result: o
configure:2602: checking whether we are using the GNU C compiler
configure:2621: gcc -c -D_LARGEFILE64_SOURCE -fPIC -O3 conftest.c >&5
configure:2621: $? = 0
configure:2630: result: yes
configure:2639: checking whether gcc accepts -g
configure:2659: gcc -c -g -O3 conftest.c >&5
configure:2659: $? = 0
configure:2700: result: yes
configure:2717: checking for gcc option to accept ISO C89
configure:2781: gcc  -c -D_LARGEFILE64_SOURCE -fPIC -O3 conftest.c >&5
configure:2781: $? = 0
configure:2794: result: none needed
configure:2820: checking how to run the C preprocessor
configure:2851: gcc -E -O3 conftest.c
configure:2851: $? = 0
configure:2865: gcc -E -O3 conftest.c
conftest.c:9:28: fatal error: ac_nonexistent.h: No such file or directory
compilation terminated.
configure:2865: $? = 1
configure: failed program was:
| /* confdefs.h */
| #define PACKAGE_NAME ""
| #define PACKAGE_TARNAME ""
| #define PACKAGE_VERSION ""
| #define PACKAGE_STRING ""
| #define PACKAGE_BUGREPORT ""
| #define PACKAGE_URL ""
| /* end confdefs.h.  */
| #include <ac_nonexistent.h>
configure:2890: result: gcc -E
configure:2910: gcc -E -O3 conftest.c
configure:2910: $? = 0
configure:2924: gcc -E -O3 conftest.c
conftest.c:9:28: fatal error: ac_nonexistent.h: No such file or directory
compilation terminated.
configure:2924: $? = 1
configure: failed program was:
| /* confdefs.h */
| #define PACKAGE_NAME ""
| #define PACKAGE_TARNAME ""
| #define PACKAGE_VERSION ""
| #define PACKAGE_STRING ""
| #define PACKAGE_BUGREPORT ""
| #define PACKAGE_URL ""
| /* end confdefs.h.  */
| #include <ac_nonexistent.h>
configure:2953: checking for grep that handles long lines and -e
configure:3011: result: /bin/grep
configure:3016: checking for egrep
configure:3078: result: /bin/grep -E
configure:3083: checking for ANSI C header files
configure:3103: gcc -c -D_LARGEFILE64_SOURCE -fPIC -O3 conftest.c >&5
configure:3103: $? = 0
configure:3176: gcc -o conftest -D_LARGEFILE64_SOURCE -fPIC -O3  conftest.c  >&5
configure:3176: $? = 0
configure:3176: ./conftest
configure:3176: $? = 0
configure:3187: result: yes
configure:3200: checking for sys/types.h
configure:3200: gcc -c -D_LARGEFILE64_SOURCE -fPIC -O3 conftest.c >&5
configure:3200: $? = 0
configure:3200: result: yes
configure:3200: checking for sys/stat.h
configure:3200: gcc -c -D_LARGEFILE64_SOURCE -fPIC -O3 conftest.c >&5
configure:3200: $? = 0
configure:3200: result: yes
configure:3200: checking for stdlib.h
configure:3200: gcc -c -D_LARGEFILE64_SOURCE -fPIC -O3 conftest.c >&5
configure:3200: $? = 0
configure:3200: result: yes
configure:3200: checking for string.h
configure:3200: gcc -c -D_LARGEFILE64_SOURCE -fPIC -O3 conftest.c >&5
configure:3200: $? = 0
configure:3200: result: yes
configure:3200: checking for memory.h
configure:3200: gcc -c -D_LARGEFILE64_SOURCE -fPIC -O3 conftest.c >&5
configure:3200: $? = 0
configure:3200: result: yes
configure:3200: checking for strings.h
configure:3200: gcc -c -D_LARGEFILE64_SOURCE -fPIC -O3 conftest.c >&5
configure:3200: $? = 0
configure:3200: result: yes
configure:3200: checking for inttypes.h
configure:3200: gcc -c -D_LARGEFILE64_SOURCE -fPIC -O3 conftest.c >&5
configure:3200: $? = 0
configure:3200: result: yes
configure:3200: checking for stdint.h
configure:3200: gcc -c -D_LARGEFILE64_SOURCE -fPIC -O3 conftest.c >&5
configure:3200: $? = 0
configure:3200: result: yes
configure:3200: checking for unistd.h
configure:3200: gcc -c -D_LARGEFILE64_SOURCE -fPIC -O3 conftest.c >&5
configure:3200: $? = 0
configure:3200: result: yes
configure:3212: checking whether byte ordering is bigendian
configure:3227: gcc -c -D_LARGEFILE64_SOURCE -fPIC -O3 conftest.c >&5
conftest.c:20:9: error: unknown type name 'not'
conftest.c:20:15: error: expected '=', ',', ';', 'asm' or '__attribute__' before 'universal'
conftest.c:20:15: error: unknown type name 'universal'
configure:3227: $? = 1
configure: failed program was:
| /* confdefs.h */
| #define PACKAGE_NAME ""
| #define PACKAGE_TARNAME ""
| #define PACKAGE_VERSION ""
| #define PACKAGE_STRING ""
| #define PACKAGE_BUGREPORT ""
| #define PACKAGE_URL ""
| #define STDC_HEADERS 1
| #define HAVE_SYS_TYPES_H 1
| #define HAVE_SYS_STAT_H 1
| #define HAVE_STDLIB_H 1
| #define HAVE_STRING_H 1
| #define HAVE_MEMORY_H 1
| #define HAVE_STRINGS_H 1
| #define HAVE_INTTYPES_H 1
| #define HAVE_STDINT_H 1
| #define HAVE_UNISTD_H 1
| /* end confdefs.h.  */
| #ifndef __APPLE_CC__
| 	       not a universal capable compiler
| 	     #endif
| 	     typedef int dummy;
| 
configure:3272: gcc -c -D_LARGEFILE64_SOURCE -fPIC -O3 conftest.c >&5
configure:3272: $? = 0
configure:3290: gcc -c -D_LARGEFILE64_SOURCE -fPIC -O3 conftest.c >&5
conftest.c: In function 'main':
conftest.c:26:4: error: unknown type name 'not'
conftest.c:26:12: error: expected '=', ',', ';', 'asm' or '__attribute__' before 'endian'
configure:3290: $? = 1
configure: failed program was:
| /* confdefs.h */
| #define PACKAGE_NAME ""
| #define PACKAGE_TARNAME ""
| #define PACKAGE_VERSION ""
| #define PACKAGE_STRING ""
| #define PACKAGE_BUGREPORT ""
| #define PACKAGE_URL ""
| #define STDC_HEADERS 1
| #define HAVE_SYS_TYPES_H 1
| #define HAVE_SYS_STAT_H 1
| #define HAVE_STDLIB_H 1
| #define HAVE_STRING_H 1
| #define HAVE_MEMORY_H 1
| #define HAVE_STRINGS_H 1
| #define HAVE_INTTYPES_H 1
| #define HAVE_STDINT_H 1
| #define HAVE_UNISTD_H 1
| /* end confdefs.h.  */
| #include <sys/types.h>
| 		#include <sys/param.h>
| 
| int
| main ()
| {
| #if BYTE_ORDER != BIG_ENDIAN
| 		 not big endian
| 		#endif
| 
|   ;
|   return 0;
| }
configure:3418: result: no
configure:3437: checking whether gcc needs -traditional
configure:3471: result: no
configure:3521: checking for a BSD-compatible install
configure:3589: result: /usr/bin/install -c
configure:3643: checking for ranlib
configure:3659: found /usr/bin/ranlib
configure:3670: result: ranlib
configure:3735: checking for ar
configure:3751: found /usr/bin/ar
configure:3762: result: ar
configure:3789: checking alloca.h usability
configure:3789: gcc -c -D_LARGEFILE64_SOURCE -fPIC -O3 conftest.c >&5
configure:3789: $? = 0
configure:3789: result: yes
configure:3789: checking alloca.h presence
configure:3789: gcc -E -O3 conftest.c
configure:3789: $? = 0
configure:3789: result: yes
configure:3789: checking for alloca.h
configure:3789: result: yes
configure:3789: checking elf.h usability
configure:3789: gcc -c -D_LARGEFILE64_SOURCE -fPIC -O3 conftest.c >&5
configure:3789: $? = 0
configure:3789: result: yes
configure:3789: checking elf.h presence
configure:3789: gcc -E -O3 conftest.c
configure:3789: $? = 0
configure:3789: result: yes
configure:3789: checking for elf.h
configure:3789: result: yes
configure:3789: checking elfaccess.h usability
configure:3789: gcc -c -D_LARGEFILE64_SOURCE -fPIC -O3 conftest.c >&5
conftest.c:54:23: fatal error: elfaccess.h: No such file or directory
compilation terminated.
configure:3789: $? = 1
configure: failed program was:
| /* confdefs.h */
| #define PACKAGE_NAME ""
| #define PACKAGE_TARNAME ""
| #define PACKAGE_VERSION ""
| #define PACKAGE_STRING ""
| #define PACKAGE_BUGREPORT ""
| #define PACKAGE_URL ""
| #define STDC_HEADERS 1
| #define HAVE_SYS_TYPES_H 1
| #define HAVE_SYS_STAT_H 1
| #define HAVE_STDLIB_H 1
| #define HAVE_STRING_H 1
| #define HAVE_MEMORY_H 1
| #define HAVE_STRINGS_H 1
| #define HAVE_INTTYPES_H 1
| #define HAVE_STDINT_H 1
| #define HAVE_UNISTD_H 1
| #define HAVE_ALLOCA_H 1
| #define HAVE_ELF_H 1
| /* end confdefs.h.  */
| #include <stdio.h>
| #ifdef HAVE_SYS_TYPES_H
| # include <sys/types.h>
| #endif
| #ifdef HAVE_SYS_STAT_H
| # include <sys/stat.h>
| #endif
| #ifdef STDC_HEADERS
| # include <stdlib.h>
| # include <stddef.h>
| #else
| # ifdef HAVE_STDLIB_H
| #  include <stdlib.h>
| # endif
| #endif
| #ifdef HAVE_STRING_H
| # if !defined STDC_HEADERS && defined HAVE_MEMORY_H
| #  include <memory.h>
| # endif
| # include <string.h>
| #endif
| #ifdef HAVE_STRINGS_H
| # include <strings.h>
| #endif
| #ifdef HAVE_INTTYPES_H
| # include <inttypes.h>
| #endif
| #ifdef HAVE_STDINT_H
| # include <stdint.h>
| #endif
| #ifdef HAVE_UNISTD_H
| # include <unistd.h>
| #endif
| #include <elfaccess.h>
configure:3789: result: no
configure:3789: checking elfaccess.h presence
configure:3789: gcc -E -O3 conftest.c
conftest.c:21:23: fatal error: elfaccess.h: No such file or directory
compilation terminated.
configure:3789: $? = 1
configure: failed program was:
| /* confdefs.h */
| #define PACKAGE_NAME ""
| #define PACKAGE_TARNAME ""
| #define PACKAGE_VERSION ""
| #define PACKAGE_STRING ""
| #define PACKAGE_BUGREPORT ""
| #define PACKAGE_URL ""
| #define STDC_HEADERS 1
| #define HAVE_SYS_TYPES_H 1
| #define HAVE_SYS_STAT_H 1
| #define HAVE_STDLIB_H 1
| #define HAVE_STRING_H 1
| #define HAVE_MEMORY_H 1
| #define HAVE_STRINGS_H 1
| #define HAVE_INTTYPES_H 1
| #define HAVE_STDINT_H 1
| #define HAVE_UNISTD_H 1
| #define HAVE_ALLOCA_H 1
| #define HAVE_ELF_H 1
| /* end confdefs.h.  */
| #include <elfaccess.h>
configure:3789: result: no
configure:3789: checking for elfaccess.h
configure:3789: result: no
configure:3789: checking libelf.h usability
configure:3789: gcc -c -D_LARGEFILE64_SOURCE -fPIC -O3 conftest.c >&5
configure:3789: $? = 0
configure:3789: result: yes
configure:3789: checking libelf.h presence
configure:3789: gcc -E -O3 conftest.c
configure:3789: $? = 0
configure:3789: result: yes
configure:3789: checking for libelf.h
configure:3789: result: yes
configure:3789: checking libelf/libelf.h usability
configure:3789: gcc -c -D_LARGEFILE64_SOURCE -fPIC -O3 conftest.c >&5
configure:3789: $? = 0
configure:3789: result: yes
configure:3789: checking libelf/libelf.h presence
configure:3789: gcc -E -O3 conftest.c
configure:3789: $? = 0
configure:3789: result: yes
configure:3789: checking for libelf/libelf.h
configure:3789: result: yes
configure:3789: checking for sys/types.h
configure:3789: result: yes
configure:3789: checking sys/ia64/elf.h usability
configure:3789: gcc -c -D_LARGEFILE64_SOURCE -fPIC -O3 conftest.c >&5
conftest.c:57:26: fatal error: sys/ia64/elf.h: No such file or directory
compilation terminated.
configure:3789: $? = 1
configure: failed program was:
| /* confdefs.h */
| #define PACKAGE_NAME ""
| #define PACKAGE_TARNAME ""
| #define PACKAGE_VERSION ""
| #define PACKAGE_STRING ""
| #define PACKAGE_BUGREPORT ""
| #define PACKAGE_URL ""
| #define STDC_HEADERS 1
| #define HAVE_SYS_TYPES_H 1
| #define HAVE_SYS_STAT_H 1
| #define HAVE_STDLIB_H 1
| #define HAVE_STRING_H 1
| #define HAVE_MEMORY_H 1
| #define HAVE_STRINGS_H 1
| #define HAVE_INTTYPES_H 1
| #define HAVE_STDINT_H 1
| #define HAVE_UNISTD_H 1
| #define HAVE_ALLOCA_H 1
| #define HAVE_ELF_H 1
| #define HAVE_LIBELF_H 1
| #define HAVE_LIBELF_LIBELF_H 1
| #define HAVE_SYS_TYPES_H 1
| /* end confdefs.h.  */
| #include <stdio.h>
| #ifdef HAVE_SYS_TYPES_H
| # include <sys/types.h>
| #endif
| #ifdef HAVE_SYS_STAT_H
| # include <sys/stat.h>
| #endif
| #ifdef STDC_HEADERS
| # include <stdlib.h>
| # include <stddef.h>
| #else
| # ifdef HAVE_STDLIB_H
| #  include <stdlib.h>
| # endif
| #endif
| #ifdef HAVE_STRING_H
| # if !defined STDC_HEADERS && defined HAVE_MEMORY_H
| #  include <memory.h>
| # endif
| # include <string.h>
| #endif
| #ifdef HAVE_STRINGS_H
| # include <strings.h>
| #endif
| #ifdef HAVE_INTTYPES_H
| # include <inttypes.h>
| #endif
| #ifdef HAVE_STDINT_H
| # include <stdint.h>
| #endif
| #ifdef HAVE_UNISTD_H
| # include <unistd.h>
| #endif
| #include <sys/ia64/elf.h>
configure:3789: result: no
configure:3789: checking sys/ia64/elf.h presence
configure:3789: gcc -E -O3 conftest.c
conftest.c:24:26: fatal error: sys/ia64/elf.h: No such file or directory
compilation terminated.
configure:3789: $? = 1
configure: failed program was:
| /* confdefs.h */
| #define PACKAGE_NAME ""
| #define PACKAGE_TARNAME ""
| #define PACKAGE_VERSION ""
| #define PACKAGE_STRING ""
| #define PACKAGE_BUGREPORT ""
| #define PACKAGE_URL ""
| #define STDC_HEADERS 1
| #define HAVE_SYS_TYPES_H 1
| #define HAVE_SYS_STAT_H 1
| #define HAVE_STDLIB_H 1
| #define HAVE_STRING_H 1
| #define HAVE_MEMORY_H 1
| #define HAVE_STRINGS_H 1
| #define HAVE_INTTYPES_H 1
| #define HAVE_STDINT_H 1
| #define HAVE_UNISTD_H 1
| #define HAVE_ALLOCA_H 1
| #define HAVE_ELF_H 1
| #define HAVE_LIBELF_H 1
| #define HAVE_LIBELF_LIBELF_H 1
| #define HAVE_SYS_TYPES_H 1
| /* end confdefs.h.  */
| #include <sys/ia64/elf.h>
configure:3789: result: no
configure:3789: checking for sys/ia64/elf.h
configure:3789: result: no
configure:3800: checking for elf64_getehdr in -lelf
configure:3825: gcc -o conftest -D_LARGEFILE64_SOURCE -fPIC -O3  conftest.c -lelf   >&5
configure:3825: $? = 0
configure:3834: result: yes
configure:3842: checking for elf64_getshdr in -lelf
configure:3867: gcc -o conftest -D_LARGEFILE64_SOURCE -fPIC -O3  conftest.c -lelf   >&5
configure:3867: $? = 0
configure:3876: result: yes
configure:3895: gcc -c -D_LARGEFILE64_SOURCE -fPIC -O3 conftest.c >&5
conftest.c: In function 'main':
conftest.c:30:1: error: unknown type name '__uint32_t'
configure:3895: $? = 1
configure: failed program was:
| /* confdefs.h */
| #define PACKAGE_NAME ""
| #define PACKAGE_TARNAME ""
| #define PACKAGE_VERSION ""
| #define PACKAGE_STRING ""
| #define PACKAGE_BUGREPORT ""
| #define PACKAGE_URL ""
| #define STDC_HEADERS 1
| #define HAVE_SYS_TYPES_H 1
| #define HAVE_SYS_STAT_H 1
| #define HAVE_STDLIB_H 1
| #define HAVE_STRING_H 1
| #define HAVE_MEMORY_H 1
| #define HAVE_STRINGS_H 1
| #define HAVE_INTTYPES_H 1
| #define HAVE_STDINT_H 1
| #define HAVE_UNISTD_H 1
| #define HAVE_ALLOCA_H 1
| #define HAVE_ELF_H 1
| #define HAVE_LIBELF_H 1
| #define HAVE_LIBELF_LIBELF_H 1
| #define HAVE_SYS_TYPES_H 1
| #define HAVE_ELF64_GETEHDR 1
| #define HAVE_ELF64_GETSHDR 1
| /* end confdefs.h.  */
| 
| int
| main ()
| {
| __uint32_t p; p = 3;
|   ;
|   return 0;
| }
configure:3912: gcc -c -D_LARGEFILE64_SOURCE -fPIC -O3 conftest.c >&5
conftest.c: In function 'main':
conftest.c:30:1: error: unknown type name '__uint64_t'
configure:3912: $? = 1
configure: failed program was:
| /* confdefs.h */
| #define PACKAGE_NAME ""
| #define PACKAGE_TARNAME ""
| #define PACKAGE_VERSION ""
| #define PACKAGE_STRING ""
| #define PACKAGE_BUGREPORT ""
| #define PACKAGE_URL ""
| #define STDC_HEADERS 1
| #define HAVE_SYS_TYPES_H 1
| #define HAVE_SYS_STAT_H 1
| #define HAVE_STDLIB_H 1
| #define HAVE_STRING_H 1
| #define HAVE_MEMORY_H 1
| #define HAVE_STRINGS_H 1
| #define HAVE_INTTYPES_H 1
| #define HAVE_STDINT_H 1
| #define HAVE_UNISTD_H 1
| #define HAVE_ALLOCA_H 1
| #define HAVE_ELF_H 1
| #define HAVE_LIBELF_H 1
| #define HAVE_LIBELF_LIBELF_H 1
| #define HAVE_SYS_TYPES_H 1
| #define HAVE_ELF64_GETEHDR 1
| #define HAVE_ELF64_GETSHDR 1
| /* end confdefs.h.  */
| 
| int
| main ()
| {
| __uint64_t p; p = 3;
|   ;
|   return 0;
| }
configure:3929: gcc -c -D_LARGEFILE64_SOURCE -fPIC -O3 conftest.c >&5
configure:3929: $? = 0
configure:3946: gcc -c -D_LARGEFILE64_SOURCE -fPIC -O3 conftest.c >&5
configure:3946: $? = 0
configure:3963: gcc -c -D_LARGEFILE64_SOURCE -fPIC -O3 conftest.c >&5
conftest.c: In function 'main':
conftest.c:32:14: error: 'R_IA_64_DIR32LSB' undeclared (first use in this function)
conftest.c:32:14: note: each undeclared identifier is reported only once for each function it appears in
configure:3963: $? = 1
configure: failed program was:
| /* confdefs.h */
| #define PACKAGE_NAME ""
| #define PACKAGE_TARNAME ""
| #define PACKAGE_VERSION ""
| #define PACKAGE_STRING ""
| #define PACKAGE_BUGREPORT ""
| #define PACKAGE_URL ""
| #define STDC_HEADERS 1
| #define HAVE_SYS_TYPES_H 1
| #define HAVE_SYS_STAT_H 1
| #define HAVE_STDLIB_H 1
| #define HAVE_STRING_H 1
| #define HAVE_MEMORY_H 1
| #define HAVE_STRINGS_H 1
| #define HAVE_INTTYPES_H 1
| #define HAVE_STDINT_H 1
| #define HAVE_UNISTD_H 1
| #define HAVE_ALLOCA_H 1
| #define HAVE_ELF_H 1
| #define HAVE_LIBELF_H 1
| #define HAVE_LIBELF_LIBELF_H 1
| #define HAVE_SYS_TYPES_H 1
| #define HAVE_ELF64_GETEHDR 1
| #define HAVE_ELF64_GETSHDR 1
| #define HAVE___UINT32_T_IN_SYS_TYPES_H 1
| #define HAVE___UINT64_T_IN_SYS_TYPES_H 1
| /* end confdefs.h.  */
| #include <elf.h>
| int
| main ()
| {
|   int p; p = R_IA_64_DIR32LSB;
|   ;
|   return 0;
| }
configure:3983: gcc -c -D_LARGEFILE64_SOURCE -fPIC -O3 conftest.c >&5
configure:3983: $? = 0
configure:4003: gcc -c -D_LARGEFILE64_SOURCE -fPIC -O3 conftest.c >&5
configure:4003: $? = 0
configure:4021: gcc -c -D_LARGEFILE64_SOURCE -fPIC -O3 conftest.c >&5
conftest.c:30:21: fatal error: sgidefs.h: No such file or directory
compilation terminated.
configure:4021: $? = 1
configure: failed program was:
| /* confdefs.h */
| #define PACKAGE_NAME ""
| #define PACKAGE_TARNAME ""
| #define PACKAGE_VERSION ""
| #define PACKAGE_STRING ""
| #define PACKAGE_BUGREPORT ""
| #define PACKAGE_URL ""
| #define STDC_HEADERS 1
| #define HAVE_SYS_TYPES_H 1
| #define HAVE_SYS_STAT_H 1
| #define HAVE_STDLIB_H 1
| #define HAVE_STRING_H 1
| #define HAVE_MEMORY_H 1
| #define HAVE_STRINGS_H 1
| #define HAVE_INTTYPES_H 1
| #define HAVE_STDINT_H 1
| #define HAVE_UNISTD_H 1
| #define HAVE_ALLOCA_H 1
| #define HAVE_ELF_H 1
| #define HAVE_LIBELF_H 1
| #define HAVE_LIBELF_LIBELF_H 1
| #define HAVE_SYS_TYPES_H 1
| #define HAVE_ELF64_GETEHDR 1
| #define HAVE_ELF64_GETSHDR 1
| #define HAVE___UINT32_T_IN_SYS_TYPES_H 1
| #define HAVE___UINT64_T_IN_SYS_TYPES_H 1
| #define HAVE_RAW_LIBELF_OK 1
| #define HAVE_LIBELF_OFF64_OK 1
| /* end confdefs.h.  */
| #include <sgidefs.h>
| int
| main ()
| {
|   __uint32_t p; p = 27;
|   ;
|   return 0;
| }
configure:4038: gcc -c -D_LARGEFILE64_SOURCE -fPIC -O3 conftest.c >&5
conftest.c:30:21: fatal error: sgidefs.h: No such file or directory
compilation terminated.
configure:4038: $? = 1
configure: failed program was:
| /* confdefs.h */
| #define PACKAGE_NAME ""
| #define PACKAGE_TARNAME ""
| #define PACKAGE_VERSION ""
| #define PACKAGE_STRING ""
| #define PACKAGE_BUGREPORT ""
| #define PACKAGE_URL ""
| #define STDC_HEADERS 1
| #define HAVE_SYS_TYPES_H 1
| #define HAVE_SYS_STAT_H 1
| #define HAVE_STDLIB_H 1
| #define HAVE_STRING_H 1
| #define HAVE_MEMORY_H 1
| #define HAVE_STRINGS_H 1
| #define HAVE_INTTYPES_H 1
| #define HAVE_STDINT_H 1
| #define HAVE_UNISTD_H 1
| #define HAVE_ALLOCA_H 1
| #define HAVE_ELF_H 1
| #define HAVE_LIBELF_H 1
| #define HAVE_LIBELF_LIBELF_H 1
| #define HAVE_SYS_TYPES_H 1
| #define HAVE_ELF64_GETEHDR 1
| #define HAVE_ELF64_GETSHDR 1
| #define HAVE___UINT32_T_IN_SYS_TYPES_H 1
| #define HAVE___UINT64_T_IN_SYS_TYPES_H 1
| #define HAVE_RAW_LIBELF_OK 1
| #define HAVE_LIBELF_OFF64_OK 1
| /* end confdefs.h.  */
| #include <sgidefs.h>
| int
| main ()
| {
|   __uint64_t p; p = 27;
|   ;
|   return 0;
| }
configure:4055: gcc -c -D_LARGEFILE64_SOURCE -fPIC -O3 conftest.c >&5
conftest.c:30:21: fatal error: sgidefs.h: No such file or directory
compilation terminated.
configure:4055: $? = 1
configure: failed program was:
| /* confdefs.h */
| #define PACKAGE_NAME ""
| #define PACKAGE_TARNAME ""
| #define PACKAGE_VERSION ""
| #define PACKAGE_STRING ""
| #define PACKAGE_BUGREPORT ""
| #define PACKAGE_URL ""
| #define STDC_HEADERS 1
| #define HAVE_SYS_TYPES_H 1
| #define HAVE_SYS_STAT_H 1
| #define HAVE_STDLIB_H 1
| #define HAVE_STRING_H 1
| #define HAVE_MEMORY_H 1
| #define HAVE_STRINGS_H 1
| #define HAVE_INTTYPES_H 1
| #define HAVE_STDINT_H 1
| #define HAVE_UNISTD_H 1
| #define HAVE_ALLOCA_H 1
| #define HAVE_ELF_H 1
| #define HAVE_LIBELF_H 1
| #define HAVE_LIBELF_LIBELF_H 1
| #define HAVE_SYS_TYPES_H 1
| #define HAVE_ELF64_GETEHDR 1
| #define HAVE_ELF64_GETSHDR 1
| #define HAVE___UINT32_T_IN_SYS_TYPES_H 1
| #define HAVE___UINT64_T_IN_SYS_TYPES_H 1
| #define HAVE_RAW_LIBELF_OK 1
| #define HAVE_LIBELF_OFF64_OK 1
| /* end confdefs.h.  */
| #include <sgidefs.h>
| int
| main ()
| {
|   __uint64_t p; p = 27;
|   ;
|   return 0;
| }
configure:4072: gcc -c -D_LARGEFILE64_SOURCE -fPIC -O3 conftest.c >&5
configure:4072: $? = 0
configure:4089: gcc -c -D_LARGEFILE64_SOURCE -fPIC -O3 conftest.c >&5
configure:4089: $? = 0
configure:4176: gcc -c -D_LARGEFILE64_SOURCE -fPIC -O3 conftest.c >&5
conftest.c:32:20: fatal error: stdafx.h: No such file or directory
compilation terminated.
configure:4176: $? = 1
configure: failed program was:
| /* confdefs.h */
| #define PACKAGE_NAME ""
| #define PACKAGE_TARNAME ""
| #define PACKAGE_VERSION ""
| #define PACKAGE_STRING ""
| #define PACKAGE_BUGREPORT ""
| #define PACKAGE_URL ""
| #define STDC_HEADERS 1
| #define HAVE_SYS_TYPES_H 1
| #define HAVE_SYS_STAT_H 1
| #define HAVE_STDLIB_H 1
| #define HAVE_STRING_H 1
| #define HAVE_MEMORY_H 1
| #define HAVE_STRINGS_H 1
| #define HAVE_INTTYPES_H 1
| #define HAVE_STDINT_H 1
| #define HAVE_UNISTD_H 1
| #define HAVE_ALLOCA_H 1
| #define HAVE_ELF_H 1
| #define HAVE_LIBELF_H 1
| #define HAVE_LIBELF_LIBELF_H 1
| #define HAVE_SYS_TYPES_H 1
| #define HAVE_ELF64_GETEHDR 1
| #define HAVE_ELF64_GETSHDR 1
| #define HAVE___UINT32_T_IN_SYS_TYPES_H 1
| #define HAVE___UINT64_T_IN_SYS_TYPES_H 1
| #define HAVE_RAW_LIBELF_OK 1
| #define HAVE_LIBELF_OFF64_OK 1
| #define HAVE_ELF64_RELA 1
| #define HAVE_ELF64_SYM 1
| /* end confdefs.h.  */
| #include "stdafx.h"
| int
| main ()
| {
|   int p; p = 27;
|   ;
|   return 0;
| }
configure:4309: creating ./config.status

## ---------------------- ##
## Running config.status. ##
## ---------------------- ##

This file was extended by config.status, which was
generated by GNU Autoconf 2.67.  Invocation command line was

  CONFIG_FILES    = 
  CONFIG_HEADERS  = 
  CONFIG_LINKS    = 
  CONFIG_COMMANDS = 
  $ ./config.status 

on ronald

config.status:830: creating Makefile
config.status:830: creating config.h

## ---------------- ##
## Cache variables. ##
## ---------------- ##

ac_cv_c_bigendian=no
ac_cv_c_compiler_gnu=yes
ac_cv_env_CC_set=
ac_cv_env_CC_value=
ac_cv_env_CFLAGS_set=set
ac_cv_env_CFLAGS_value='-D_LARGEFILE64_SOURCE -fPIC'
ac_cv_env_CPPFLAGS_set=set
ac_cv_env_CPPFLAGS_value=-O3
ac_cv_env_CPP_set=
ac_cv_env_CPP_value=
ac_cv_env_LDFLAGS_set=
ac_cv_env_LDFLAGS_value=
ac_cv_env_LIBS_set=
ac_cv_env_LIBS_value=
ac_cv_env_build_alias_set=
ac_cv_env_build_alias_value=
ac_cv_env_host_alias_set=
ac_cv_env_host_alias_value=
ac_cv_env_target_alias_set=
ac_cv_env_target_alias_value=
ac_cv_header_alloca_h=yes
ac_cv_header_elf_h=yes
ac_cv_header_elfaccess_h=no
ac_cv_header_inttypes_h=yes
ac_cv_header_libelf_h=yes
ac_cv_header_libelf_libelf_h=yes
ac_cv_header_memory_h=yes
ac_cv_header_stdc=yes
ac_cv_header_stdint_h=yes
ac_cv_header_stdlib_h=yes
ac_cv_header_string_h=yes
ac_cv_header_strings_h=yes
ac_cv_header_sys_ia64_elf_h=no
ac_cv_header_sys_stat_h=yes
ac_cv_header_sys_types_h=yes
ac_cv_header_unistd_h=yes
ac_cv_lib_elf_elf64_getehdr=yes
ac_cv_lib_elf_elf64_getshdr=yes
ac_cv_objext=o
ac_cv_path_EGREP='/bin/grep -E'
ac_cv_path_GREP=/bin/grep
ac_cv_path_install='/usr/bin/install -c'
ac_cv_prog_CPP='gcc -E'
ac_cv_prog_ac_ct_AR=ar
ac_cv_prog_ac_ct_CC=gcc
ac_cv_prog_ac_ct_RANLIB=ranlib
ac_cv_prog_cc_c89=
ac_cv_prog_cc_g=yes
ac_cv_prog_gcc_traditional=no

## ----------------- ##
## Output variables. ##
## ----------------- ##

AR='ar'
CC='gcc'
CFLAGS='-D_LARGEFILE64_SOURCE -fPIC'
CPP='gcc -E'
CPPFLAGS='-O3'
DEFS='-DHAVE_CONFIG_H'
ECHO_C=''
ECHO_N='-n'
ECHO_T=''
EGREP='/bin/grep -E'
EXEEXT=''
GREP='/bin/grep'
INSTALL_DATA='${INSTALL} -m 644'
INSTALL_PROGRAM='${INSTALL}'
INSTALL_SCRIPT='${INSTALL}'
LDFLAGS=''
LIBOBJS=''
LIBS=''
LTLIBOBJS=''
OBJEXT='o'
PACKAGE_BUGREPORT=''
PACKAGE_NAME=''
PACKAGE_STRING=''
PACKAGE_TARNAME=''
PACKAGE_URL=''
PACKAGE_VERSION=''
PATH_SEPARATOR=':'
RANLIB='ranlib'
SHELL='/bin/bash'
ac_ct_CC='gcc'
bindir='${exec_prefix}/bin'
build_alias=''
build_nonshared='none'
build_shared='libdwarf.so'
datadir='${datarootdir}'
datarootdir='${prefix}/share'
docdir='${datarootdir}/doc/${PACKAGE}'
dvidir='${docdir}'
dwarf_namestable='-s'
dwfpic='-fPIC'
exec_prefix='${prefix}'
host_alias=''
htmldir='${docdir}'
includedir='${prefix}/include'
infodir='${datarootdir}/info'
libdir='${exec_prefix}/lib'
libexecdir='${exec_prefix}/libexec'
localedir='${datarootdir}/locale'
localstatedir='${prefix}/var'
mandir='${datarootdir}/man'
oldincludedir='/usr/include'
pdfdir='${docdir}'
prefix='/home/cristian/workspace/codeplex/zero/local'
program_transform_name='s,x,x,'
psdir='${docdir}'
sbindir='${exec_prefix}/sbin'
sharedstatedir='${prefix}/com'
sysconfdir='${prefix}/etc'
target_alias=''

## ----------- ##
## confdefs.h. ##
## ----------- ##

/* confdefs.h */
#define PACKAGE_NAME ""
#define PACKAGE_TARNAME ""
#define PACKAGE_VERSION ""
#define PACKAGE_STRING ""
#define PACKAGE_BUGREPORT ""
#define PACKAGE_URL ""
#define STDC_HEADERS 1
#define HAVE_SYS_TYPES_H 1
#define HAVE_SYS_STAT_H 1
#define HAVE_STDLIB_H 1
#define HAVE_STRING_H 1
#define HAVE_MEMORY_H 1
#define HAVE_STRINGS_H 1
#define HAVE_INTTYPES_H 1
#define HAVE_STDINT_H 1
#define HAVE_UNISTD_H 1
#define HAVE_ALLOCA_H 1
#define HAVE_ELF_H 1
#define HAVE_LIBELF_H 1
#define HAVE_LIBELF_LIBELF_H 1
#define HAVE_SYS_TYPES_H 1
#define HAVE_ELF64_GETEHDR 1
#define HAVE_ELF64_GETSHDR 1
#define HAVE___UINT32_T_IN_SYS_TYPES_H 1
#define HAVE___UINT64_T_IN_SYS_TYPES_H 1
#define HAVE_RAW_LIBELF_OK 1
#define HAVE_LIBELF_OFF64_OK 1
#define HAVE_ELF64_RELA 1
#define HAVE_ELF64_SYM 1
#define HAVE_DWARF2_99_EXTENSION 1

configure: exit 0
